11:52:26.654 default [main] INFO  c.p.l.s.i.LikeCountServiceImplTest - Starting LikeCountServiceImplTest on TUIG-20180212UW with PID 7072 (started by pjmike in F:\IDEAproject\springboot-lundao)
11:52:26.676 default [main] INFO  c.p.l.s.i.LikeCountServiceImplTest - The following profiles are active: dev
11:52:26.871 default [main] INFO  o.s.w.c.s.GenericWebApplicationContext - Refreshing org.springframework.web.context.support.GenericWebApplicationContext@3406472c: startup date [Thu May 31 11:52:26 CST 2018]; root of context hierarchy
11:52:29.796 default [main] INFO  o.s.d.r.c.RepositoryConfigurationDelegate - Multiple Spring Data modules found, entering strict repository configuration mode!
11:52:31.016 default [main] INFO  o.s.c.s.PostProcessorRegistrationDelegate$BeanPostProcessorChecker - Bean 'org.springframework.transaction.annotation.ProxyTransactionManagementConfiguration' of type [org.springframework.transaction.annotation.ProxyTransactionManagementConfiguration$$EnhancerBySpringCGLIB$$142ebcf9] is not eligible for getting processed by all BeanPostProcessors (for example: not eligible for auto-proxying)
11:52:31.411 default [main] INFO  o.s.c.s.PostProcessorRegistrationDelegate$BeanPostProcessorChecker - Bean 'shiroConfig' of type [com.pjmike.lundao.config.ShiroConfig$$EnhancerBySpringCGLIB$$156d8175] is not eligible for getting processed by all BeanPostProcessors (for example: not eligible for auto-proxying)
11:52:32.491 default [main] INFO  o.s.c.s.PostProcessorRegistrationDelegate$BeanPostProcessorChecker - Bean 'org.springframework.boot.context.properties.ConversionServiceDeducer$Factory' of type [org.springframework.boot.context.properties.ConversionServiceDeducer$Factory] is not eligible for getting processed by all BeanPostProcessors (for example: not eligible for auto-proxying)
11:52:32.518 default [main] INFO  o.s.c.s.PostProcessorRegistrationDelegate$BeanPostProcessorChecker - Bean 'mybatis-tk.mybatis.mapper.autoconfigure.MybatisProperties' of type [tk.mybatis.mapper.autoconfigure.MybatisProperties] is not eligible for getting processed by all BeanPostProcessors (for example: not eligible for auto-proxying)
11:52:32.553 default [main] INFO  o.s.c.s.PostProcessorRegistrationDelegate$BeanPostProcessorChecker - Bean 'tk.mybatis.mapper.autoconfigure.MapperAutoConfiguration' of type [tk.mybatis.mapper.autoconfigure.MapperAutoConfiguration$$EnhancerBySpringCGLIB$$ca1f6492] is not eligible for getting processed by all BeanPostProcessors (for example: not eligible for auto-proxying)
11:52:32.567 default [main] INFO  o.s.c.s.PostProcessorRegistrationDelegate$BeanPostProcessorChecker - Bean 'com.alibaba.druid.spring.boot.autoconfigure.DruidDataSourceAutoConfigure' of type [com.alibaba.druid.spring.boot.autoconfigure.DruidDataSourceAutoConfigure$$EnhancerBySpringCGLIB$$2ddab26b] is not eligible for getting processed by all BeanPostProcessors (for example: not eligible for auto-proxying)
11:52:32.573 default [main] INFO  c.a.d.s.b.a.DruidDataSourceAutoConfigure - Init DruidDataSource
11:52:32.716 default [main] INFO  o.s.c.s.PostProcessorRegistrationDelegate$BeanPostProcessorChecker - Bean 'spring.datasource-org.springframework.boot.autoconfigure.jdbc.DataSourceProperties' of type [org.springframework.boot.autoconfigure.jdbc.DataSourceProperties] is not eligible for getting processed by all BeanPostProcessors (for example: not eligible for auto-proxying)
11:52:32.749 default [main] INFO  o.s.c.s.PostProcessorRegistrationDelegate$BeanPostProcessorChecker - Bean 'com.alibaba.druid.spring.boot.autoconfigure.stat.DruidFilterConfiguration' of type [com.alibaba.druid.spring.boot.autoconfigure.stat.DruidFilterConfiguration] is not eligible for getting processed by all BeanPostProcessors (for example: not eligible for auto-proxying)
11:52:32.914 default [main] INFO  o.s.c.s.PostProcessorRegistrationDelegate$BeanPostProcessorChecker - Bean 'statFilter' of type [com.alibaba.druid.filter.stat.StatFilter] is not eligible for getting processed by all BeanPostProcessors (for example: not eligible for auto-proxying)
11:52:34.593 default [main] INFO  c.alibaba.druid.pool.DruidDataSource - {dataSource-1} inited
11:52:34.594 default [main] INFO  o.s.c.s.PostProcessorRegistrationDelegate$BeanPostProcessorChecker - Bean 'dataSource' of type [com.alibaba.druid.spring.boot.autoconfigure.DruidDataSourceWrapper] is not eligible for getting processed by all BeanPostProcessors (for example: not eligible for auto-proxying)
11:52:34.762 default [main] INFO  o.s.c.s.PostProcessorRegistrationDelegate$BeanPostProcessorChecker - Bean 'org.springframework.boot.autoconfigure.jdbc.DataSourceInitializerInvoker' of type [org.springframework.boot.autoconfigure.jdbc.DataSourceInitializerInvoker] is not eligible for getting processed by all BeanPostProcessors (for example: not eligible for auto-proxying)
11:52:35.422 default [main] INFO  o.s.c.s.PostProcessorRegistrationDelegate$BeanPostProcessorChecker - Bean 'sqlSessionFactory' of type [org.apache.ibatis.session.defaults.DefaultSqlSessionFactory] is not eligible for getting processed by all BeanPostProcessors (for example: not eligible for auto-proxying)
11:52:35.446 default [main] INFO  o.s.c.s.PostProcessorRegistrationDelegate$BeanPostProcessorChecker - Bean 'sqlSessionTemplate' of type [org.mybatis.spring.SqlSessionTemplate] is not eligible for getting processed by all BeanPostProcessors (for example: not eligible for auto-proxying)
11:52:35.615 default [main] INFO  o.s.c.s.PostProcessorRegistrationDelegate$BeanPostProcessorChecker - Bean 'userMapper' of type [tk.mybatis.spring.mapper.MapperFactoryBean] is not eligible for getting processed by all BeanPostProcessors (for example: not eligible for auto-proxying)
11:52:35.626 default [main] INFO  o.s.c.s.PostProcessorRegistrationDelegate$BeanPostProcessorChecker - Bean 'userMapper' of type [com.sun.proxy.$Proxy96] is not eligible for getting processed by all BeanPostProcessors (for example: not eligible for auto-proxying)
11:52:35.655 default [main] INFO  o.s.c.s.PostProcessorRegistrationDelegate$BeanPostProcessorChecker - Bean 'userServiceImpl' of type [com.pjmike.lundao.service.impl.UserServiceImpl] is not eligible for getting processed by all BeanPostProcessors (for example: not eligible for auto-proxying)
11:52:35.685 default [main] INFO  o.s.c.s.PostProcessorRegistrationDelegate$BeanPostProcessorChecker - Bean 'redisTemplateConfig' of type [com.pjmike.lundao.config.RedisTemplateConfig$$EnhancerBySpringCGLIB$$2fdfe019] is not eligible for getting processed by all BeanPostProcessors (for example: not eligible for auto-proxying)
11:52:35.702 default [main] INFO  o.s.c.s.PostProcessorRegistrationDelegate$BeanPostProcessorChecker - Bean 'spring.redis-org.springframework.boot.autoconfigure.data.redis.RedisProperties' of type [org.springframework.boot.autoconfigure.data.redis.RedisProperties] is not eligible for getting processed by all BeanPostProcessors (for example: not eligible for auto-proxying)
11:52:35.715 default [main] INFO  o.s.c.s.PostProcessorRegistrationDelegate$BeanPostProcessorChecker - Bean 'org.springframework.boot.autoconfigure.data.redis.LettuceConnectionConfiguration' of type [org.springframework.boot.autoconfigure.data.redis.LettuceConnectionConfiguration$$EnhancerBySpringCGLIB$$29487b43] is not eligible for getting processed by all BeanPostProcessors (for example: not eligible for auto-proxying)
11:52:36.021 default [main] INFO  o.s.c.s.PostProcessorRegistrationDelegate$BeanPostProcessorChecker - Bean 'lettuceClientResources' of type [io.lettuce.core.resource.DefaultClientResources] is not eligible for getting processed by all BeanPostProcessors (for example: not eligible for auto-proxying)
11:52:36.302 default [main] INFO  o.s.c.s.PostProcessorRegistrationDelegate$BeanPostProcessorChecker - Bean 'redisConnectionFactory' of type [org.springframework.data.redis.connection.lettuce.LettuceConnectionFactory] is not eligible for getting processed by all BeanPostProcessors (for example: not eligible for auto-proxying)
11:52:36.375 default [main] INFO  o.s.c.s.PostProcessorRegistrationDelegate$BeanPostProcessorChecker - Bean 'redisTemplate' of type [org.springframework.data.redis.core.RedisTemplate] is not eligible for getting processed by all BeanPostProcessors (for example: not eligible for auto-proxying)
11:52:36.414 default [main] INFO  o.s.c.s.PostProcessorRegistrationDelegate$BeanPostProcessorChecker - Bean 'redisOperator' of type [com.pjmike.lundao.utils.redis.RedisOperator] is not eligible for getting processed by all BeanPostProcessors (for example: not eligible for auto-proxying)
11:52:36.416 default [main] INFO  o.s.c.s.PostProcessorRegistrationDelegate$BeanPostProcessorChecker - Bean 'myShiroRealm' of type [com.pjmike.lundao.config.MyShiroRealm] is not eligible for getting processed by all BeanPostProcessors (for example: not eligible for auto-proxying)
11:52:36.443 default [main] INFO  o.s.c.s.PostProcessorRegistrationDelegate$BeanPostProcessorChecker - Bean 'securityManager' of type [org.apache.shiro.web.mgt.DefaultWebSecurityManager] is not eligible for getting processed by all BeanPostProcessors (for example: not eligible for auto-proxying)
11:52:37.119 default [main] WARN  o.s.w.c.s.GenericWebApplicationContext - Exception encountered during context initialization - cancelling refresh attempt: org.springframework.beans.factory.BeanCreationException: Error creating bean with name 'task' defined in file [F:\IDEAproject\springboot-lundao\target\classes\com\pjmike\lundao\Task\Task.class]: Initialization of bean failed; nested exception is java.lang.IllegalStateException: Encountered invalid @Scheduled method 'setFavour': Cron expression must consist of 6 fields (found 7 in "0 0 0 1/1 * ? *")
11:52:37.202 default [main] INFO  c.alibaba.druid.pool.DruidDataSource - {dataSource-1} closed
11:52:37.216 default [main] INFO  o.s.b.a.l.ConditionEvaluationReportLoggingListener - 

Error starting ApplicationContext. To display the conditions report re-run your application with 'debug' enabled.
11:52:37.256 default [main] ERROR o.s.boot.SpringApplication - Application run failed
org.springframework.beans.factory.BeanCreationException: Error creating bean with name 'task' defined in file [F:\IDEAproject\springboot-lundao\target\classes\com\pjmike\lundao\Task\Task.class]: Initialization of bean failed; nested exception is java.lang.IllegalStateException: Encountered invalid @Scheduled method 'setFavour': Cron expression must consist of 6 fields (found 7 in "0 0 0 1/1 * ? *")
	at org.springframework.beans.factory.support.AbstractAutowireCapableBeanFactory.doCreateBean(AbstractAutowireCapableBeanFactory.java:587)
	at org.springframework.beans.factory.support.AbstractAutowireCapableBeanFactory.createBean(AbstractAutowireCapableBeanFactory.java:501)
	at org.springframework.beans.factory.support.AbstractBeanFactory.lambda$doGetBean$0(AbstractBeanFactory.java:317)
	at org.springframework.beans.factory.support.DefaultSingletonBeanRegistry.getSingleton(DefaultSingletonBeanRegistry.java:228)
	at org.springframework.beans.factory.support.AbstractBeanFactory.doGetBean(AbstractBeanFactory.java:315)
	at org.springframework.beans.factory.support.AbstractBeanFactory.getBean(AbstractBeanFactory.java:199)
	at org.springframework.beans.factory.support.DefaultListableBeanFactory.preInstantiateSingletons(DefaultListableBeanFactory.java:760)
	at org.springframework.context.support.AbstractApplicationContext.finishBeanFactoryInitialization(AbstractApplicationContext.java:869)
	at org.springframework.context.support.AbstractApplicationContext.refresh(AbstractApplicationContext.java:550)
	at org.springframework.boot.SpringApplication.refresh(SpringApplication.java:759)
	at org.springframework.boot.SpringApplication.refreshContext(SpringApplication.java:395)
	at org.springframework.boot.SpringApplication.run(SpringApplication.java:327)
	at org.springframework.boot.test.context.SpringBootContextLoader.loadContext(SpringBootContextLoader.java:138)
	at org.springframework.test.context.cache.DefaultCacheAwareContextLoaderDelegate.loadContextInternal(DefaultCacheAwareContextLoaderDelegate.java:99)
	at org.springframework.test.context.cache.DefaultCacheAwareContextLoaderDelegate.loadContext(DefaultCacheAwareContextLoaderDelegate.java:117)
	at org.springframework.test.context.support.DefaultTestContext.getApplicationContext(DefaultTestContext.java:108)
	at org.springframework.test.context.web.ServletTestExecutionListener.setUpRequestContextIfNecessary(ServletTestExecutionListener.java:190)
	at org.springframework.test.context.web.ServletTestExecutionListener.prepareTestInstance(ServletTestExecutionListener.java:132)
	at org.springframework.test.context.TestContextManager.prepareTestInstance(TestContextManager.java:246)
	at org.springframework.test.context.junit4.SpringJUnit4ClassRunner.createTest(SpringJUnit4ClassRunner.java:227)
	at org.springframework.test.context.junit4.SpringJUnit4ClassRunner$1.runReflectiveCall(SpringJUnit4ClassRunner.java:289)
	at org.junit.internal.runners.model.ReflectiveCallable.run(ReflectiveCallable.java:12)
	at org.springframework.test.context.junit4.SpringJUnit4ClassRunner.methodBlock(SpringJUnit4ClassRunner.java:291)
	at org.springframework.test.context.junit4.SpringJUnit4ClassRunner.runChild(SpringJUnit4ClassRunner.java:246)
	at org.springframework.test.context.junit4.SpringJUnit4ClassRunner.runChild(SpringJUnit4ClassRunner.java:97)
	at org.junit.runners.ParentRunner$3.run(ParentRunner.java:290)
	at org.junit.runners.ParentRunner$1.schedule(ParentRunner.java:71)
	at org.junit.runners.ParentRunner.runChildren(ParentRunner.java:288)
	at org.junit.runners.ParentRunner.access$000(ParentRunner.java:58)
	at org.junit.runners.ParentRunner$2.evaluate(ParentRunner.java:268)
	at org.springframework.test.context.junit4.statements.RunBeforeTestClassCallbacks.evaluate(RunBeforeTestClassCallbacks.java:61)
	at org.springframework.test.context.junit4.statements.RunAfterTestClassCallbacks.evaluate(RunAfterTestClassCallbacks.java:70)
	at org.junit.runners.ParentRunner.run(ParentRunner.java:363)
	at org.springframework.test.context.junit4.SpringJUnit4ClassRunner.run(SpringJUnit4ClassRunner.java:190)
	at org.junit.runner.JUnitCore.run(JUnitCore.java:137)
	at com.intellij.junit4.JUnit4IdeaTestRunner.startRunnerWithArgs(JUnit4IdeaTestRunner.java:68)
	at com.intellij.rt.execution.junit.IdeaTestRunner$Repeater.startRunnerWithArgs(IdeaTestRunner.java:47)
	at com.intellij.rt.execution.junit.JUnitStarter.prepareStreamsAndStart(JUnitStarter.java:242)
	at com.intellij.rt.execution.junit.JUnitStarter.main(JUnitStarter.java:70)
Caused by: java.lang.IllegalStateException: Encountered invalid @Scheduled method 'setFavour': Cron expression must consist of 6 fields (found 7 in "0 0 0 1/1 * ? *")
	at org.springframework.scheduling.annotation.ScheduledAnnotationBeanPostProcessor.processScheduled(ScheduledAnnotationBeanPostProcessor.java:469)
	at org.springframework.scheduling.annotation.ScheduledAnnotationBeanPostProcessor.lambda$null$1(ScheduledAnnotationBeanPostProcessor.java:333)
	at java.lang.Iterable.forEach(Iterable.java:75)
	at org.springframework.scheduling.annotation.ScheduledAnnotationBeanPostProcessor.lambda$postProcessAfterInitialization$2(ScheduledAnnotationBeanPostProcessor.java:333)
	at java.util.LinkedHashMap.forEach(LinkedHashMap.java:684)
	at org.springframework.scheduling.annotation.ScheduledAnnotationBeanPostProcessor.postProcessAfterInitialization(ScheduledAnnotationBeanPostProcessor.java:332)
	at org.springframework.beans.factory.support.AbstractAutowireCapableBeanFactory.applyBeanPostProcessorsAfterInitialization(AbstractAutowireCapableBeanFactory.java:437)
	at org.springframework.beans.factory.support.AbstractAutowireCapableBeanFactory.initializeBean(AbstractAutowireCapableBeanFactory.java:1706)
	at org.springframework.beans.factory.support.AbstractAutowireCapableBeanFactory.doCreateBean(AbstractAutowireCapableBeanFactory.java:579)
	... 38 common frames omitted
11:52:37.267 default [main] ERROR o.s.test.context.TestContextManager - Caught exception while allowing TestExecutionListener [org.springframework.test.context.web.ServletTestExecutionListener@5562c41e] to prepare test instance [com.pjmike.lundao.service.impl.LikeCountServiceImplTest@500051c5]
java.lang.IllegalStateException: Failed to load ApplicationContext
	at org.springframework.test.context.cache.DefaultCacheAwareContextLoaderDelegate.loadContext(DefaultCacheAwareContextLoaderDelegate.java:125)
	at org.springframework.test.context.support.DefaultTestContext.getApplicationContext(DefaultTestContext.java:108)
	at org.springframework.test.context.web.ServletTestExecutionListener.setUpRequestContextIfNecessary(ServletTestExecutionListener.java:190)
	at org.springframework.test.context.web.ServletTestExecutionListener.prepareTestInstance(ServletTestExecutionListener.java:132)
	at org.springframework.test.context.TestContextManager.prepareTestInstance(TestContextManager.java:246)
	at org.springframework.test.context.junit4.SpringJUnit4ClassRunner.createTest(SpringJUnit4ClassRunner.java:227)
	at org.springframework.test.context.junit4.SpringJUnit4ClassRunner$1.runReflectiveCall(SpringJUnit4ClassRunner.java:289)
	at org.junit.internal.runners.model.ReflectiveCallable.run(ReflectiveCallable.java:12)
	at org.springframework.test.context.junit4.SpringJUnit4ClassRunner.methodBlock(SpringJUnit4ClassRunner.java:291)
	at org.springframework.test.context.junit4.SpringJUnit4ClassRunner.runChild(SpringJUnit4ClassRunner.java:246)
	at org.springframework.test.context.junit4.SpringJUnit4ClassRunner.runChild(SpringJUnit4ClassRunner.java:97)
	at org.junit.runners.ParentRunner$3.run(ParentRunner.java:290)
	at org.junit.runners.ParentRunner$1.schedule(ParentRunner.java:71)
	at org.junit.runners.ParentRunner.runChildren(ParentRunner.java:288)
	at org.junit.runners.ParentRunner.access$000(ParentRunner.java:58)
	at org.junit.runners.ParentRunner$2.evaluate(ParentRunner.java:268)
	at org.springframework.test.context.junit4.statements.RunBeforeTestClassCallbacks.evaluate(RunBeforeTestClassCallbacks.java:61)
	at org.springframework.test.context.junit4.statements.RunAfterTestClassCallbacks.evaluate(RunAfterTestClassCallbacks.java:70)
	at org.junit.runners.ParentRunner.run(ParentRunner.java:363)
	at org.springframework.test.context.junit4.SpringJUnit4ClassRunner.run(SpringJUnit4ClassRunner.java:190)
	at org.junit.runner.JUnitCore.run(JUnitCore.java:137)
	at com.intellij.junit4.JUnit4IdeaTestRunner.startRunnerWithArgs(JUnit4IdeaTestRunner.java:68)
	at com.intellij.rt.execution.junit.IdeaTestRunner$Repeater.startRunnerWithArgs(IdeaTestRunner.java:47)
	at com.intellij.rt.execution.junit.JUnitStarter.prepareStreamsAndStart(JUnitStarter.java:242)
	at com.intellij.rt.execution.junit.JUnitStarter.main(JUnitStarter.java:70)
Caused by: org.springframework.beans.factory.BeanCreationException: Error creating bean with name 'task' defined in file [F:\IDEAproject\springboot-lundao\target\classes\com\pjmike\lundao\Task\Task.class]: Initialization of bean failed; nested exception is java.lang.IllegalStateException: Encountered invalid @Scheduled method 'setFavour': Cron expression must consist of 6 fields (found 7 in "0 0 0 1/1 * ? *")
	at org.springframework.beans.factory.support.AbstractAutowireCapableBeanFactory.doCreateBean(AbstractAutowireCapableBeanFactory.java:587)
	at org.springframework.beans.factory.support.AbstractAutowireCapableBeanFactory.createBean(AbstractAutowireCapableBeanFactory.java:501)
	at org.springframework.beans.factory.support.AbstractBeanFactory.lambda$doGetBean$0(AbstractBeanFactory.java:317)
	at org.springframework.beans.factory.support.DefaultSingletonBeanRegistry.getSingleton(DefaultSingletonBeanRegistry.java:228)
	at org.springframework.beans.factory.support.AbstractBeanFactory.doGetBean(AbstractBeanFactory.java:315)
	at org.springframework.beans.factory.support.AbstractBeanFactory.getBean(AbstractBeanFactory.java:199)
	at org.springframework.beans.factory.support.DefaultListableBeanFactory.preInstantiateSingletons(DefaultListableBeanFactory.java:760)
	at org.springframework.context.support.AbstractApplicationContext.finishBeanFactoryInitialization(AbstractApplicationContext.java:869)
	at org.springframework.context.support.AbstractApplicationContext.refresh(AbstractApplicationContext.java:550)
	at org.springframework.boot.SpringApplication.refresh(SpringApplication.java:759)
	at org.springframework.boot.SpringApplication.refreshContext(SpringApplication.java:395)
	at org.springframework.boot.SpringApplication.run(SpringApplication.java:327)
	at org.springframework.boot.test.context.SpringBootContextLoader.loadContext(SpringBootContextLoader.java:138)
	at org.springframework.test.context.cache.DefaultCacheAwareContextLoaderDelegate.loadContextInternal(DefaultCacheAwareContextLoaderDelegate.java:99)
	at org.springframework.test.context.cache.DefaultCacheAwareContextLoaderDelegate.loadContext(DefaultCacheAwareContextLoaderDelegate.java:117)
	... 24 common frames omitted
Caused by: java.lang.IllegalStateException: Encountered invalid @Scheduled method 'setFavour': Cron expression must consist of 6 fields (found 7 in "0 0 0 1/1 * ? *")
	at org.springframework.scheduling.annotation.ScheduledAnnotationBeanPostProcessor.processScheduled(ScheduledAnnotationBeanPostProcessor.java:469)
	at org.springframework.scheduling.annotation.ScheduledAnnotationBeanPostProcessor.lambda$null$1(ScheduledAnnotationBeanPostProcessor.java:333)
	at java.lang.Iterable.forEach(Iterable.java:75)
	at org.springframework.scheduling.annotation.ScheduledAnnotationBeanPostProcessor.lambda$postProcessAfterInitialization$2(ScheduledAnnotationBeanPostProcessor.java:333)
	at java.util.LinkedHashMap.forEach(LinkedHashMap.java:684)
	at org.springframework.scheduling.annotation.ScheduledAnnotationBeanPostProcessor.postProcessAfterInitialization(ScheduledAnnotationBeanPostProcessor.java:332)
	at org.springframework.beans.factory.support.AbstractAutowireCapableBeanFactory.applyBeanPostProcessorsAfterInitialization(AbstractAutowireCapableBeanFactory.java:437)
	at org.springframework.beans.factory.support.AbstractAutowireCapableBeanFactory.initializeBean(AbstractAutowireCapableBeanFactory.java:1706)
	at org.springframework.beans.factory.support.AbstractAutowireCapableBeanFactory.doCreateBean(AbstractAutowireCapableBeanFactory.java:579)
	... 38 common frames omitted
11:53:11.356 default [main] INFO  c.p.l.s.i.LikeCountServiceImplTest - Starting LikeCountServiceImplTest on TUIG-20180212UW with PID 100 (started by pjmike in F:\IDEAproject\springboot-lundao)
11:53:11.357 default [main] INFO  c.p.l.s.i.LikeCountServiceImplTest - The following profiles are active: dev
11:53:11.465 default [main] INFO  o.s.w.c.s.GenericWebApplicationContext - Refreshing org.springframework.web.context.support.GenericWebApplicationContext@3406472c: startup date [Thu May 31 11:53:11 CST 2018]; root of context hierarchy
11:53:13.865 default [main] INFO  o.s.d.r.c.RepositoryConfigurationDelegate - Multiple Spring Data modules found, entering strict repository configuration mode!
11:53:14.709 default [main] INFO  o.s.c.s.PostProcessorRegistrationDelegate$BeanPostProcessorChecker - Bean 'org.springframework.transaction.annotation.ProxyTransactionManagementConfiguration' of type [org.springframework.transaction.annotation.ProxyTransactionManagementConfiguration$$EnhancerBySpringCGLIB$$31177d4e] is not eligible for getting processed by all BeanPostProcessors (for example: not eligible for auto-proxying)
11:53:15.034 default [main] INFO  o.s.c.s.PostProcessorRegistrationDelegate$BeanPostProcessorChecker - Bean 'shiroConfig' of type [com.pjmike.lundao.config.ShiroConfig$$EnhancerBySpringCGLIB$$325641ca] is not eligible for getting processed by all BeanPostProcessors (for example: not eligible for auto-proxying)
11:53:15.890 default [main] INFO  o.s.c.s.PostProcessorRegistrationDelegate$BeanPostProcessorChecker - Bean 'org.springframework.boot.context.properties.ConversionServiceDeducer$Factory' of type [org.springframework.boot.context.properties.ConversionServiceDeducer$Factory] is not eligible for getting processed by all BeanPostProcessors (for example: not eligible for auto-proxying)
11:53:15.912 default [main] INFO  o.s.c.s.PostProcessorRegistrationDelegate$BeanPostProcessorChecker - Bean 'mybatis-tk.mybatis.mapper.autoconfigure.MybatisProperties' of type [tk.mybatis.mapper.autoconfigure.MybatisProperties] is not eligible for getting processed by all BeanPostProcessors (for example: not eligible for auto-proxying)
11:53:15.935 default [main] INFO  o.s.c.s.PostProcessorRegistrationDelegate$BeanPostProcessorChecker - Bean 'tk.mybatis.mapper.autoconfigure.MapperAutoConfiguration' of type [tk.mybatis.mapper.autoconfigure.MapperAutoConfiguration$$EnhancerBySpringCGLIB$$e70824e7] is not eligible for getting processed by all BeanPostProcessors (for example: not eligible for auto-proxying)
11:53:15.946 default [main] INFO  o.s.c.s.PostProcessorRegistrationDelegate$BeanPostProcessorChecker - Bean 'com.alibaba.druid.spring.boot.autoconfigure.DruidDataSourceAutoConfigure' of type [com.alibaba.druid.spring.boot.autoconfigure.DruidDataSourceAutoConfigure$$EnhancerBySpringCGLIB$$4ac372c0] is not eligible for getting processed by all BeanPostProcessors (for example: not eligible for auto-proxying)
11:53:15.951 default [main] INFO  c.a.d.s.b.a.DruidDataSourceAutoConfigure - Init DruidDataSource
11:53:16.037 default [main] INFO  o.s.c.s.PostProcessorRegistrationDelegate$BeanPostProcessorChecker - Bean 'spring.datasource-org.springframework.boot.autoconfigure.jdbc.DataSourceProperties' of type [org.springframework.boot.autoconfigure.jdbc.DataSourceProperties] is not eligible for getting processed by all BeanPostProcessors (for example: not eligible for auto-proxying)
11:53:16.083 default [main] INFO  o.s.c.s.PostProcessorRegistrationDelegate$BeanPostProcessorChecker - Bean 'com.alibaba.druid.spring.boot.autoconfigure.stat.DruidFilterConfiguration' of type [com.alibaba.druid.spring.boot.autoconfigure.stat.DruidFilterConfiguration] is not eligible for getting processed by all BeanPostProcessors (for example: not eligible for auto-proxying)
11:53:16.161 default [main] INFO  o.s.c.s.PostProcessorRegistrationDelegate$BeanPostProcessorChecker - Bean 'statFilter' of type [com.alibaba.druid.filter.stat.StatFilter] is not eligible for getting processed by all BeanPostProcessors (for example: not eligible for auto-proxying)
11:53:17.715 default [main] INFO  c.alibaba.druid.pool.DruidDataSource - {dataSource-1} inited
11:53:17.716 default [main] INFO  o.s.c.s.PostProcessorRegistrationDelegate$BeanPostProcessorChecker - Bean 'dataSource' of type [com.alibaba.druid.spring.boot.autoconfigure.DruidDataSourceWrapper] is not eligible for getting processed by all BeanPostProcessors (for example: not eligible for auto-proxying)
11:53:17.864 default [main] INFO  o.s.c.s.PostProcessorRegistrationDelegate$BeanPostProcessorChecker - Bean 'org.springframework.boot.autoconfigure.jdbc.DataSourceInitializerInvoker' of type [org.springframework.boot.autoconfigure.jdbc.DataSourceInitializerInvoker] is not eligible for getting processed by all BeanPostProcessors (for example: not eligible for auto-proxying)
11:53:18.297 default [main] INFO  o.s.c.s.PostProcessorRegistrationDelegate$BeanPostProcessorChecker - Bean 'sqlSessionFactory' of type [org.apache.ibatis.session.defaults.DefaultSqlSessionFactory] is not eligible for getting processed by all BeanPostProcessors (for example: not eligible for auto-proxying)
11:53:18.321 default [main] INFO  o.s.c.s.PostProcessorRegistrationDelegate$BeanPostProcessorChecker - Bean 'sqlSessionTemplate' of type [org.mybatis.spring.SqlSessionTemplate] is not eligible for getting processed by all BeanPostProcessors (for example: not eligible for auto-proxying)
11:53:18.455 default [main] INFO  o.s.c.s.PostProcessorRegistrationDelegate$BeanPostProcessorChecker - Bean 'userMapper' of type [tk.mybatis.spring.mapper.MapperFactoryBean] is not eligible for getting processed by all BeanPostProcessors (for example: not eligible for auto-proxying)
11:53:18.465 default [main] INFO  o.s.c.s.PostProcessorRegistrationDelegate$BeanPostProcessorChecker - Bean 'userMapper' of type [com.sun.proxy.$Proxy96] is not eligible for getting processed by all BeanPostProcessors (for example: not eligible for auto-proxying)
11:53:18.478 default [main] INFO  o.s.c.s.PostProcessorRegistrationDelegate$BeanPostProcessorChecker - Bean 'userServiceImpl' of type [com.pjmike.lundao.service.impl.UserServiceImpl] is not eligible for getting processed by all BeanPostProcessors (for example: not eligible for auto-proxying)
11:53:18.503 default [main] INFO  o.s.c.s.PostProcessorRegistrationDelegate$BeanPostProcessorChecker - Bean 'redisTemplateConfig' of type [com.pjmike.lundao.config.RedisTemplateConfig$$EnhancerBySpringCGLIB$$4cc8a06e] is not eligible for getting processed by all BeanPostProcessors (for example: not eligible for auto-proxying)
11:53:18.524 default [main] INFO  o.s.c.s.PostProcessorRegistrationDelegate$BeanPostProcessorChecker - Bean 'spring.redis-org.springframework.boot.autoconfigure.data.redis.RedisProperties' of type [org.springframework.boot.autoconfigure.data.redis.RedisProperties] is not eligible for getting processed by all BeanPostProcessors (for example: not eligible for auto-proxying)
11:53:18.536 default [main] INFO  o.s.c.s.PostProcessorRegistrationDelegate$BeanPostProcessorChecker - Bean 'org.springframework.boot.autoconfigure.data.redis.LettuceConnectionConfiguration' of type [org.springframework.boot.autoconfigure.data.redis.LettuceConnectionConfiguration$$EnhancerBySpringCGLIB$$46313b98] is not eligible for getting processed by all BeanPostProcessors (for example: not eligible for auto-proxying)
11:53:18.806 default [main] INFO  o.s.c.s.PostProcessorRegistrationDelegate$BeanPostProcessorChecker - Bean 'lettuceClientResources' of type [io.lettuce.core.resource.DefaultClientResources] is not eligible for getting processed by all BeanPostProcessors (for example: not eligible for auto-proxying)
11:53:18.971 default [main] INFO  o.s.c.s.PostProcessorRegistrationDelegate$BeanPostProcessorChecker - Bean 'redisConnectionFactory' of type [org.springframework.data.redis.connection.lettuce.LettuceConnectionFactory] is not eligible for getting processed by all BeanPostProcessors (for example: not eligible for auto-proxying)
11:53:19.037 default [main] INFO  o.s.c.s.PostProcessorRegistrationDelegate$BeanPostProcessorChecker - Bean 'redisTemplate' of type [org.springframework.data.redis.core.RedisTemplate] is not eligible for getting processed by all BeanPostProcessors (for example: not eligible for auto-proxying)
11:53:19.077 default [main] INFO  o.s.c.s.PostProcessorRegistrationDelegate$BeanPostProcessorChecker - Bean 'redisOperator' of type [com.pjmike.lundao.utils.redis.RedisOperator] is not eligible for getting processed by all BeanPostProcessors (for example: not eligible for auto-proxying)
11:53:19.079 default [main] INFO  o.s.c.s.PostProcessorRegistrationDelegate$BeanPostProcessorChecker - Bean 'myShiroRealm' of type [com.pjmike.lundao.config.MyShiroRealm] is not eligible for getting processed by all BeanPostProcessors (for example: not eligible for auto-proxying)
11:53:19.106 default [main] INFO  o.s.c.s.PostProcessorRegistrationDelegate$BeanPostProcessorChecker - Bean 'securityManager' of type [org.apache.shiro.web.mgt.DefaultWebSecurityManager] is not eligible for getting processed by all BeanPostProcessors (for example: not eligible for auto-proxying)
11:53:19.942 default [main] INFO  c.p.lundao.config.DruidConfiguration - init Druid Servlet Configuration 
11:53:21.592 default [main] INFO  o.s.w.s.h.SimpleUrlHandlerMapping - Mapped URL path [/**/favicon.ico] onto handler of type [class org.springframework.web.servlet.resource.ResourceHttpRequestHandler]
11:53:22.626 default [main] INFO  o.s.w.s.m.m.a.RequestMappingHandlerAdapter - Looking for @ControllerAdvice: org.springframework.web.context.support.GenericWebApplicationContext@3406472c: startup date [Thu May 31 11:53:11 CST 2018]; root of context hierarchy
11:53:22.791 default [main] INFO  o.s.w.s.m.m.a.RequestMappingHandlerMapping - Mapped "{[/index],methods=[GET]}" onto public java.lang.String com.pjmike.lundao.web.controller.AccountController.index()
11:53:22.793 default [main] INFO  o.s.w.s.m.m.a.RequestMappingHandlerMapping - Mapped "{[/sign_up],methods=[POST]}" onto public com.pjmike.lundao.utils.Result com.pjmike.lundao.web.controller.AccountController.accountRegister(com.pjmike.lundao.domain.vo.Account)
11:53:22.795 default [main] INFO  o.s.w.s.m.m.a.RequestMappingHandlerMapping - Mapped "{[/sign_in],methods=[POST]}" onto public com.pjmike.lundao.utils.Result com.pjmike.lundao.web.controller.AccountController.accountLogin(com.pjmike.lundao.domain.vo.Account,javax.servlet.http.HttpServletResponse) throws java.io.UnsupportedEncodingException
11:53:22.795 default [main] INFO  o.s.w.s.m.m.a.RequestMappingHandlerMapping - Mapped "{[/authCode],methods=[POST]}" onto public com.pjmike.lundao.utils.Result com.pjmike.lundao.web.controller.AccountController.sendAuthCode(com.pjmike.lundao.domain.vo.Account) throws com.aliyuncs.exceptions.ClientException
11:53:22.796 default [main] INFO  o.s.w.s.m.m.a.RequestMappingHandlerMapping - Mapped "{[/unAuthorized],methods=[GET]}" onto public com.pjmike.lundao.utils.Result com.pjmike.lundao.web.controller.AccountController.unauthorized()
11:53:22.797 default [main] INFO  o.s.w.s.m.m.a.RequestMappingHandlerMapping - Mapped "{[/debates/page/{page}],methods=[GET]}" onto public com.pjmike.lundao.utils.Result com.pjmike.lundao.web.controller.DebateController.getAllDebates(java.lang.Integer)
11:53:22.798 default [main] INFO  o.s.w.s.m.m.a.RequestMappingHandlerMapping - Mapped "{[/debates/{debateId}],methods=[GET]}" onto public com.pjmike.lundao.utils.Result com.pjmike.lundao.web.controller.DebateController.getDebateWithThesis(java.lang.Integer)
11:53:22.799 default [main] INFO  o.s.w.s.m.m.a.RequestMappingHandlerMapping - Mapped "{[/favour],methods=[POST]}" onto private com.pjmike.lundao.utils.Result com.pjmike.lundao.web.controller.LikeController.like(com.pjmike.lundao.domain.Favour)
11:53:22.801 default [main] INFO  o.s.w.s.m.m.a.RequestMappingHandlerMapping - Mapped "{[/error]}" onto public org.springframework.http.ResponseEntity<java.util.Map<java.lang.String, java.lang.Object>> org.springframework.boot.autoconfigure.web.servlet.error.BasicErrorController.error(javax.servlet.http.HttpServletRequest)
11:53:22.803 default [main] INFO  o.s.w.s.m.m.a.RequestMappingHandlerMapping - Mapped "{[/error],produces=[text/html]}" onto public org.springframework.web.servlet.ModelAndView org.springframework.boot.autoconfigure.web.servlet.error.BasicErrorController.errorHtml(javax.servlet.http.HttpServletRequest,javax.servlet.http.HttpServletResponse)
11:53:22.904 default [main] INFO  o.s.w.s.h.SimpleUrlHandlerMapping - Mapped URL path [/webjars/**] onto handler of type [class org.springframework.web.servlet.resource.ResourceHttpRequestHandler]
11:53:22.905 default [main] INFO  o.s.w.s.h.SimpleUrlHandlerMapping - Mapped URL path [/**] onto handler of type [class org.springframework.web.servlet.resource.ResourceHttpRequestHandler]
11:53:22.947 default [main] INFO  o.s.w.s.m.m.a.ExceptionHandlerExceptionResolver - Detected @ExceptionHandler methods in ownExceptionHandler
11:53:24.043 default [main] INFO  c.p.l.s.i.LikeCountServiceImplTest - Started LikeCountServiceImplTest in 13.646 seconds (JVM running for 16.056)
11:53:24.865 default [Thread-3] INFO  o.s.w.c.s.GenericWebApplicationContext - Closing org.springframework.web.context.support.GenericWebApplicationContext@3406472c: startup date [Thu May 31 11:53:11 CST 2018]; root of context hierarchy
11:53:24.896 default [Thread-3] INFO  c.alibaba.druid.pool.DruidDataSource - {dataSource-1} closed
11:54:20.372 default [main] INFO  c.p.l.s.i.LikeCountServiceImplTest - Starting LikeCountServiceImplTest on TUIG-20180212UW with PID 3408 (started by pjmike in F:\IDEAproject\springboot-lundao)
11:54:20.374 default [main] INFO  c.p.l.s.i.LikeCountServiceImplTest - The following profiles are active: dev
11:54:20.496 default [main] INFO  o.s.w.c.s.GenericWebApplicationContext - Refreshing org.springframework.web.context.support.GenericWebApplicationContext@3406472c: startup date [Thu May 31 11:54:20 CST 2018]; root of context hierarchy
11:54:23.116 default [main] INFO  o.s.d.r.c.RepositoryConfigurationDelegate - Multiple Spring Data modules found, entering strict repository configuration mode!
11:54:24.863 default [main] INFO  o.s.c.s.PostProcessorRegistrationDelegate$BeanPostProcessorChecker - Bean 'org.springframework.transaction.annotation.ProxyTransactionManagementConfiguration' of type [org.springframework.transaction.annotation.ProxyTransactionManagementConfiguration$$EnhancerBySpringCGLIB$$7cd4d130] is not eligible for getting processed by all BeanPostProcessors (for example: not eligible for auto-proxying)
11:54:25.270 default [main] INFO  o.s.c.s.PostProcessorRegistrationDelegate$BeanPostProcessorChecker - Bean 'shiroConfig' of type [com.pjmike.lundao.config.ShiroConfig$$EnhancerBySpringCGLIB$$7e1395ac] is not eligible for getting processed by all BeanPostProcessors (for example: not eligible for auto-proxying)
11:54:26.072 default [main] INFO  o.s.c.s.PostProcessorRegistrationDelegate$BeanPostProcessorChecker - Bean 'org.springframework.boot.context.properties.ConversionServiceDeducer$Factory' of type [org.springframework.boot.context.properties.ConversionServiceDeducer$Factory] is not eligible for getting processed by all BeanPostProcessors (for example: not eligible for auto-proxying)
11:54:26.089 default [main] INFO  o.s.c.s.PostProcessorRegistrationDelegate$BeanPostProcessorChecker - Bean 'mybatis-tk.mybatis.mapper.autoconfigure.MybatisProperties' of type [tk.mybatis.mapper.autoconfigure.MybatisProperties] is not eligible for getting processed by all BeanPostProcessors (for example: not eligible for auto-proxying)
11:54:26.118 default [main] INFO  o.s.c.s.PostProcessorRegistrationDelegate$BeanPostProcessorChecker - Bean 'tk.mybatis.mapper.autoconfigure.MapperAutoConfiguration' of type [tk.mybatis.mapper.autoconfigure.MapperAutoConfiguration$$EnhancerBySpringCGLIB$$32c578c9] is not eligible for getting processed by all BeanPostProcessors (for example: not eligible for auto-proxying)
11:54:26.132 default [main] INFO  o.s.c.s.PostProcessorRegistrationDelegate$BeanPostProcessorChecker - Bean 'com.alibaba.druid.spring.boot.autoconfigure.DruidDataSourceAutoConfigure' of type [com.alibaba.druid.spring.boot.autoconfigure.DruidDataSourceAutoConfigure$$EnhancerBySpringCGLIB$$9680c6a2] is not eligible for getting processed by all BeanPostProcessors (for example: not eligible for auto-proxying)
11:54:26.140 default [main] INFO  c.a.d.s.b.a.DruidDataSourceAutoConfigure - Init DruidDataSource
11:54:26.234 default [main] INFO  o.s.c.s.PostProcessorRegistrationDelegate$BeanPostProcessorChecker - Bean 'spring.datasource-org.springframework.boot.autoconfigure.jdbc.DataSourceProperties' of type [org.springframework.boot.autoconfigure.jdbc.DataSourceProperties] is not eligible for getting processed by all BeanPostProcessors (for example: not eligible for auto-proxying)
11:54:26.277 default [main] INFO  o.s.c.s.PostProcessorRegistrationDelegate$BeanPostProcessorChecker - Bean 'com.alibaba.druid.spring.boot.autoconfigure.stat.DruidFilterConfiguration' of type [com.alibaba.druid.spring.boot.autoconfigure.stat.DruidFilterConfiguration] is not eligible for getting processed by all BeanPostProcessors (for example: not eligible for auto-proxying)
11:54:26.351 default [main] INFO  o.s.c.s.PostProcessorRegistrationDelegate$BeanPostProcessorChecker - Bean 'statFilter' of type [com.alibaba.druid.filter.stat.StatFilter] is not eligible for getting processed by all BeanPostProcessors (for example: not eligible for auto-proxying)
11:54:27.986 default [main] INFO  c.alibaba.druid.pool.DruidDataSource - {dataSource-1} inited
11:54:27.987 default [main] INFO  o.s.c.s.PostProcessorRegistrationDelegate$BeanPostProcessorChecker - Bean 'dataSource' of type [com.alibaba.druid.spring.boot.autoconfigure.DruidDataSourceWrapper] is not eligible for getting processed by all BeanPostProcessors (for example: not eligible for auto-proxying)
11:54:28.155 default [main] INFO  o.s.c.s.PostProcessorRegistrationDelegate$BeanPostProcessorChecker - Bean 'org.springframework.boot.autoconfigure.jdbc.DataSourceInitializerInvoker' of type [org.springframework.boot.autoconfigure.jdbc.DataSourceInitializerInvoker] is not eligible for getting processed by all BeanPostProcessors (for example: not eligible for auto-proxying)
11:54:28.629 default [main] INFO  o.s.c.s.PostProcessorRegistrationDelegate$BeanPostProcessorChecker - Bean 'sqlSessionFactory' of type [org.apache.ibatis.session.defaults.DefaultSqlSessionFactory] is not eligible for getting processed by all BeanPostProcessors (for example: not eligible for auto-proxying)
11:54:28.660 default [main] INFO  o.s.c.s.PostProcessorRegistrationDelegate$BeanPostProcessorChecker - Bean 'sqlSessionTemplate' of type [org.mybatis.spring.SqlSessionTemplate] is not eligible for getting processed by all BeanPostProcessors (for example: not eligible for auto-proxying)
11:54:28.812 default [main] INFO  o.s.c.s.PostProcessorRegistrationDelegate$BeanPostProcessorChecker - Bean 'userMapper' of type [tk.mybatis.spring.mapper.MapperFactoryBean] is not eligible for getting processed by all BeanPostProcessors (for example: not eligible for auto-proxying)
11:54:28.826 default [main] INFO  o.s.c.s.PostProcessorRegistrationDelegate$BeanPostProcessorChecker - Bean 'userMapper' of type [com.sun.proxy.$Proxy96] is not eligible for getting processed by all BeanPostProcessors (for example: not eligible for auto-proxying)
11:54:28.853 default [main] INFO  o.s.c.s.PostProcessorRegistrationDelegate$BeanPostProcessorChecker - Bean 'userServiceImpl' of type [com.pjmike.lundao.service.impl.UserServiceImpl] is not eligible for getting processed by all BeanPostProcessors (for example: not eligible for auto-proxying)
11:54:28.877 default [main] INFO  o.s.c.s.PostProcessorRegistrationDelegate$BeanPostProcessorChecker - Bean 'redisTemplateConfig' of type [com.pjmike.lundao.config.RedisTemplateConfig$$EnhancerBySpringCGLIB$$9885f450] is not eligible for getting processed by all BeanPostProcessors (for example: not eligible for auto-proxying)
11:54:28.896 default [main] INFO  o.s.c.s.PostProcessorRegistrationDelegate$BeanPostProcessorChecker - Bean 'spring.redis-org.springframework.boot.autoconfigure.data.redis.RedisProperties' of type [org.springframework.boot.autoconfigure.data.redis.RedisProperties] is not eligible for getting processed by all BeanPostProcessors (for example: not eligible for auto-proxying)
11:54:28.914 default [main] INFO  o.s.c.s.PostProcessorRegistrationDelegate$BeanPostProcessorChecker - Bean 'org.springframework.boot.autoconfigure.data.redis.LettuceConnectionConfiguration' of type [org.springframework.boot.autoconfigure.data.redis.LettuceConnectionConfiguration$$EnhancerBySpringCGLIB$$91ee8f7a] is not eligible for getting processed by all BeanPostProcessors (for example: not eligible for auto-proxying)
11:54:29.250 default [main] INFO  o.s.c.s.PostProcessorRegistrationDelegate$BeanPostProcessorChecker - Bean 'lettuceClientResources' of type [io.lettuce.core.resource.DefaultClientResources] is not eligible for getting processed by all BeanPostProcessors (for example: not eligible for auto-proxying)
11:54:29.524 default [main] INFO  o.s.c.s.PostProcessorRegistrationDelegate$BeanPostProcessorChecker - Bean 'redisConnectionFactory' of type [org.springframework.data.redis.connection.lettuce.LettuceConnectionFactory] is not eligible for getting processed by all BeanPostProcessors (for example: not eligible for auto-proxying)
11:54:29.624 default [main] INFO  o.s.c.s.PostProcessorRegistrationDelegate$BeanPostProcessorChecker - Bean 'redisTemplate' of type [org.springframework.data.redis.core.RedisTemplate] is not eligible for getting processed by all BeanPostProcessors (for example: not eligible for auto-proxying)
11:54:29.682 default [main] INFO  o.s.c.s.PostProcessorRegistrationDelegate$BeanPostProcessorChecker - Bean 'redisOperator' of type [com.pjmike.lundao.utils.redis.RedisOperator] is not eligible for getting processed by all BeanPostProcessors (for example: not eligible for auto-proxying)
11:54:29.691 default [main] INFO  o.s.c.s.PostProcessorRegistrationDelegate$BeanPostProcessorChecker - Bean 'myShiroRealm' of type [com.pjmike.lundao.config.MyShiroRealm] is not eligible for getting processed by all BeanPostProcessors (for example: not eligible for auto-proxying)
11:54:29.762 default [main] INFO  o.s.c.s.PostProcessorRegistrationDelegate$BeanPostProcessorChecker - Bean 'securityManager' of type [org.apache.shiro.web.mgt.DefaultWebSecurityManager] is not eligible for getting processed by all BeanPostProcessors (for example: not eligible for auto-proxying)
11:54:30.639 default [main] INFO  c.p.lundao.config.DruidConfiguration - init Druid Servlet Configuration 
11:54:31.179 default [main] INFO  o.s.w.s.h.SimpleUrlHandlerMapping - Mapped URL path [/**/favicon.ico] onto handler of type [class org.springframework.web.servlet.resource.ResourceHttpRequestHandler]
11:54:32.020 default [main] INFO  o.s.w.s.m.m.a.RequestMappingHandlerAdapter - Looking for @ControllerAdvice: org.springframework.web.context.support.GenericWebApplicationContext@3406472c: startup date [Thu May 31 11:54:20 CST 2018]; root of context hierarchy
11:54:32.161 default [main] INFO  o.s.w.s.m.m.a.RequestMappingHandlerMapping - Mapped "{[/index],methods=[GET]}" onto public java.lang.String com.pjmike.lundao.web.controller.AccountController.index()
11:54:32.162 default [main] INFO  o.s.w.s.m.m.a.RequestMappingHandlerMapping - Mapped "{[/sign_up],methods=[POST]}" onto public com.pjmike.lundao.utils.Result com.pjmike.lundao.web.controller.AccountController.accountRegister(com.pjmike.lundao.domain.vo.Account)
11:54:32.163 default [main] INFO  o.s.w.s.m.m.a.RequestMappingHandlerMapping - Mapped "{[/sign_in],methods=[POST]}" onto public com.pjmike.lundao.utils.Result com.pjmike.lundao.web.controller.AccountController.accountLogin(com.pjmike.lundao.domain.vo.Account,javax.servlet.http.HttpServletResponse) throws java.io.UnsupportedEncodingException
11:54:32.164 default [main] INFO  o.s.w.s.m.m.a.RequestMappingHandlerMapping - Mapped "{[/unAuthorized],methods=[GET]}" onto public com.pjmike.lundao.utils.Result com.pjmike.lundao.web.controller.AccountController.unauthorized()
11:54:32.164 default [main] INFO  o.s.w.s.m.m.a.RequestMappingHandlerMapping - Mapped "{[/authCode],methods=[POST]}" onto public com.pjmike.lundao.utils.Result com.pjmike.lundao.web.controller.AccountController.sendAuthCode(com.pjmike.lundao.domain.vo.Account) throws com.aliyuncs.exceptions.ClientException
11:54:32.165 default [main] INFO  o.s.w.s.m.m.a.RequestMappingHandlerMapping - Mapped "{[/debates/{debateId}],methods=[GET]}" onto public com.pjmike.lundao.utils.Result com.pjmike.lundao.web.controller.DebateController.getDebateWithThesis(java.lang.Integer)
11:54:32.166 default [main] INFO  o.s.w.s.m.m.a.RequestMappingHandlerMapping - Mapped "{[/debates/page/{page}],methods=[GET]}" onto public com.pjmike.lundao.utils.Result com.pjmike.lundao.web.controller.DebateController.getAllDebates(java.lang.Integer)
11:54:32.167 default [main] INFO  o.s.w.s.m.m.a.RequestMappingHandlerMapping - Mapped "{[/favour],methods=[POST]}" onto private com.pjmike.lundao.utils.Result com.pjmike.lundao.web.controller.LikeController.like(com.pjmike.lundao.domain.Favour)
11:54:32.169 default [main] INFO  o.s.w.s.m.m.a.RequestMappingHandlerMapping - Mapped "{[/error]}" onto public org.springframework.http.ResponseEntity<java.util.Map<java.lang.String, java.lang.Object>> org.springframework.boot.autoconfigure.web.servlet.error.BasicErrorController.error(javax.servlet.http.HttpServletRequest)
11:54:32.171 default [main] INFO  o.s.w.s.m.m.a.RequestMappingHandlerMapping - Mapped "{[/error],produces=[text/html]}" onto public org.springframework.web.servlet.ModelAndView org.springframework.boot.autoconfigure.web.servlet.error.BasicErrorController.errorHtml(javax.servlet.http.HttpServletRequest,javax.servlet.http.HttpServletResponse)
11:54:32.244 default [main] INFO  o.s.w.s.h.SimpleUrlHandlerMapping - Mapped URL path [/webjars/**] onto handler of type [class org.springframework.web.servlet.resource.ResourceHttpRequestHandler]
11:54:32.244 default [main] INFO  o.s.w.s.h.SimpleUrlHandlerMapping - Mapped URL path [/**] onto handler of type [class org.springframework.web.servlet.resource.ResourceHttpRequestHandler]
11:54:32.287 default [main] INFO  o.s.w.s.m.m.a.ExceptionHandlerExceptionResolver - Detected @ExceptionHandler methods in ownExceptionHandler
11:54:33.362 default [main] INFO  c.p.l.s.i.LikeCountServiceImplTest - Started LikeCountServiceImplTest in 13.819 seconds (JVM running for 15.86)
11:54:34.123 default [Thread-3] INFO  o.s.w.c.s.GenericWebApplicationContext - Closing org.springframework.web.context.support.GenericWebApplicationContext@3406472c: startup date [Thu May 31 11:54:20 CST 2018]; root of context hierarchy
11:54:34.212 default [Thread-3] INFO  c.alibaba.druid.pool.DruidDataSource - {dataSource-1} closed
11:57:54.642 default [main] INFO  c.p.l.s.i.LikeCountServiceImplTest - Starting LikeCountServiceImplTest on TUIG-20180212UW with PID 7336 (started by pjmike in F:\IDEAproject\springboot-lundao)
11:57:54.651 default [main] INFO  c.p.l.s.i.LikeCountServiceImplTest - The following profiles are active: dev
11:57:54.714 default [main] INFO  o.s.w.c.s.GenericWebApplicationContext - Refreshing org.springframework.web.context.support.GenericWebApplicationContext@3406472c: startup date [Thu May 31 11:57:54 CST 2018]; root of context hierarchy
11:57:57.234 default [main] INFO  o.s.d.r.c.RepositoryConfigurationDelegate - Multiple Spring Data modules found, entering strict repository configuration mode!
11:57:58.084 default [main] INFO  o.s.c.s.PostProcessorRegistrationDelegate$BeanPostProcessorChecker - Bean 'org.springframework.transaction.annotation.ProxyTransactionManagementConfiguration' of type [org.springframework.transaction.annotation.ProxyTransactionManagementConfiguration$$EnhancerBySpringCGLIB$$6d6a6052] is not eligible for getting processed by all BeanPostProcessors (for example: not eligible for auto-proxying)
11:57:58.411 default [main] INFO  o.s.c.s.PostProcessorRegistrationDelegate$BeanPostProcessorChecker - Bean 'shiroConfig' of type [com.pjmike.lundao.config.ShiroConfig$$EnhancerBySpringCGLIB$$6ea924ce] is not eligible for getting processed by all BeanPostProcessors (for example: not eligible for auto-proxying)
11:57:59.237 default [main] INFO  o.s.c.s.PostProcessorRegistrationDelegate$BeanPostProcessorChecker - Bean 'org.springframework.boot.context.properties.ConversionServiceDeducer$Factory' of type [org.springframework.boot.context.properties.ConversionServiceDeducer$Factory] is not eligible for getting processed by all BeanPostProcessors (for example: not eligible for auto-proxying)
11:57:59.254 default [main] INFO  o.s.c.s.PostProcessorRegistrationDelegate$BeanPostProcessorChecker - Bean 'mybatis-tk.mybatis.mapper.autoconfigure.MybatisProperties' of type [tk.mybatis.mapper.autoconfigure.MybatisProperties] is not eligible for getting processed by all BeanPostProcessors (for example: not eligible for auto-proxying)
11:57:59.279 default [main] INFO  o.s.c.s.PostProcessorRegistrationDelegate$BeanPostProcessorChecker - Bean 'tk.mybatis.mapper.autoconfigure.MapperAutoConfiguration' of type [tk.mybatis.mapper.autoconfigure.MapperAutoConfiguration$$EnhancerBySpringCGLIB$$235b07eb] is not eligible for getting processed by all BeanPostProcessors (for example: not eligible for auto-proxying)
11:57:59.291 default [main] INFO  o.s.c.s.PostProcessorRegistrationDelegate$BeanPostProcessorChecker - Bean 'com.alibaba.druid.spring.boot.autoconfigure.DruidDataSourceAutoConfigure' of type [com.alibaba.druid.spring.boot.autoconfigure.DruidDataSourceAutoConfigure$$EnhancerBySpringCGLIB$$871655c4] is not eligible for getting processed by all BeanPostProcessors (for example: not eligible for auto-proxying)
11:57:59.297 default [main] INFO  c.a.d.s.b.a.DruidDataSourceAutoConfigure - Init DruidDataSource
11:57:59.393 default [main] INFO  o.s.c.s.PostProcessorRegistrationDelegate$BeanPostProcessorChecker - Bean 'spring.datasource-org.springframework.boot.autoconfigure.jdbc.DataSourceProperties' of type [org.springframework.boot.autoconfigure.jdbc.DataSourceProperties] is not eligible for getting processed by all BeanPostProcessors (for example: not eligible for auto-proxying)
11:57:59.426 default [main] INFO  o.s.c.s.PostProcessorRegistrationDelegate$BeanPostProcessorChecker - Bean 'com.alibaba.druid.spring.boot.autoconfigure.stat.DruidFilterConfiguration' of type [com.alibaba.druid.spring.boot.autoconfigure.stat.DruidFilterConfiguration] is not eligible for getting processed by all BeanPostProcessors (for example: not eligible for auto-proxying)
11:57:59.492 default [main] INFO  o.s.c.s.PostProcessorRegistrationDelegate$BeanPostProcessorChecker - Bean 'statFilter' of type [com.alibaba.druid.filter.stat.StatFilter] is not eligible for getting processed by all BeanPostProcessors (for example: not eligible for auto-proxying)
11:58:01.185 default [main] INFO  c.alibaba.druid.pool.DruidDataSource - {dataSource-1} inited
11:58:01.186 default [main] INFO  o.s.c.s.PostProcessorRegistrationDelegate$BeanPostProcessorChecker - Bean 'dataSource' of type [com.alibaba.druid.spring.boot.autoconfigure.DruidDataSourceWrapper] is not eligible for getting processed by all BeanPostProcessors (for example: not eligible for auto-proxying)
11:58:01.393 default [main] INFO  o.s.c.s.PostProcessorRegistrationDelegate$BeanPostProcessorChecker - Bean 'org.springframework.boot.autoconfigure.jdbc.DataSourceInitializerInvoker' of type [org.springframework.boot.autoconfigure.jdbc.DataSourceInitializerInvoker] is not eligible for getting processed by all BeanPostProcessors (for example: not eligible for auto-proxying)
11:58:01.799 default [main] INFO  o.s.c.s.PostProcessorRegistrationDelegate$BeanPostProcessorChecker - Bean 'sqlSessionFactory' of type [org.apache.ibatis.session.defaults.DefaultSqlSessionFactory] is not eligible for getting processed by all BeanPostProcessors (for example: not eligible for auto-proxying)
11:58:01.823 default [main] INFO  o.s.c.s.PostProcessorRegistrationDelegate$BeanPostProcessorChecker - Bean 'sqlSessionTemplate' of type [org.mybatis.spring.SqlSessionTemplate] is not eligible for getting processed by all BeanPostProcessors (for example: not eligible for auto-proxying)
11:58:01.964 default [main] INFO  o.s.c.s.PostProcessorRegistrationDelegate$BeanPostProcessorChecker - Bean 'userMapper' of type [tk.mybatis.spring.mapper.MapperFactoryBean] is not eligible for getting processed by all BeanPostProcessors (for example: not eligible for auto-proxying)
11:58:01.977 default [main] INFO  o.s.c.s.PostProcessorRegistrationDelegate$BeanPostProcessorChecker - Bean 'userMapper' of type [com.sun.proxy.$Proxy96] is not eligible for getting processed by all BeanPostProcessors (for example: not eligible for auto-proxying)
11:58:01.993 default [main] INFO  o.s.c.s.PostProcessorRegistrationDelegate$BeanPostProcessorChecker - Bean 'userServiceImpl' of type [com.pjmike.lundao.service.impl.UserServiceImpl] is not eligible for getting processed by all BeanPostProcessors (for example: not eligible for auto-proxying)
11:58:02.021 default [main] INFO  o.s.c.s.PostProcessorRegistrationDelegate$BeanPostProcessorChecker - Bean 'redisTemplateConfig' of type [com.pjmike.lundao.config.RedisTemplateConfig$$EnhancerBySpringCGLIB$$891b8372] is not eligible for getting processed by all BeanPostProcessors (for example: not eligible for auto-proxying)
11:58:02.036 default [main] INFO  o.s.c.s.PostProcessorRegistrationDelegate$BeanPostProcessorChecker - Bean 'spring.redis-org.springframework.boot.autoconfigure.data.redis.RedisProperties' of type [org.springframework.boot.autoconfigure.data.redis.RedisProperties] is not eligible for getting processed by all BeanPostProcessors (for example: not eligible for auto-proxying)
11:58:02.053 default [main] INFO  o.s.c.s.PostProcessorRegistrationDelegate$BeanPostProcessorChecker - Bean 'org.springframework.boot.autoconfigure.data.redis.LettuceConnectionConfiguration' of type [org.springframework.boot.autoconfigure.data.redis.LettuceConnectionConfiguration$$EnhancerBySpringCGLIB$$82841e9c] is not eligible for getting processed by all BeanPostProcessors (for example: not eligible for auto-proxying)
11:58:02.247 default [main] INFO  o.s.c.s.PostProcessorRegistrationDelegate$BeanPostProcessorChecker - Bean 'lettuceClientResources' of type [io.lettuce.core.resource.DefaultClientResources] is not eligible for getting processed by all BeanPostProcessors (for example: not eligible for auto-proxying)
11:58:02.409 default [main] INFO  o.s.c.s.PostProcessorRegistrationDelegate$BeanPostProcessorChecker - Bean 'redisConnectionFactory' of type [org.springframework.data.redis.connection.lettuce.LettuceConnectionFactory] is not eligible for getting processed by all BeanPostProcessors (for example: not eligible for auto-proxying)
11:58:02.481 default [main] INFO  o.s.c.s.PostProcessorRegistrationDelegate$BeanPostProcessorChecker - Bean 'redisTemplate' of type [org.springframework.data.redis.core.RedisTemplate] is not eligible for getting processed by all BeanPostProcessors (for example: not eligible for auto-proxying)
11:58:02.512 default [main] INFO  o.s.c.s.PostProcessorRegistrationDelegate$BeanPostProcessorChecker - Bean 'redisOperator' of type [com.pjmike.lundao.utils.redis.RedisOperator] is not eligible for getting processed by all BeanPostProcessors (for example: not eligible for auto-proxying)
11:58:02.514 default [main] INFO  o.s.c.s.PostProcessorRegistrationDelegate$BeanPostProcessorChecker - Bean 'myShiroRealm' of type [com.pjmike.lundao.config.MyShiroRealm] is not eligible for getting processed by all BeanPostProcessors (for example: not eligible for auto-proxying)
11:58:02.542 default [main] INFO  o.s.c.s.PostProcessorRegistrationDelegate$BeanPostProcessorChecker - Bean 'securityManager' of type [org.apache.shiro.web.mgt.DefaultWebSecurityManager] is not eligible for getting processed by all BeanPostProcessors (for example: not eligible for auto-proxying)
11:58:03.165 default [main] INFO  c.p.lundao.config.DruidConfiguration - init Druid Servlet Configuration 
11:58:03.720 default [main] INFO  o.s.w.s.h.SimpleUrlHandlerMapping - Mapped URL path [/**/favicon.ico] onto handler of type [class org.springframework.web.servlet.resource.ResourceHttpRequestHandler]
11:58:04.405 default [main] INFO  o.s.w.s.m.m.a.RequestMappingHandlerAdapter - Looking for @ControllerAdvice: org.springframework.web.context.support.GenericWebApplicationContext@3406472c: startup date [Thu May 31 11:57:54 CST 2018]; root of context hierarchy
11:58:04.539 default [main] INFO  o.s.w.s.m.m.a.RequestMappingHandlerMapping - Mapped "{[/index],methods=[GET]}" onto public java.lang.String com.pjmike.lundao.web.controller.AccountController.index()
11:58:04.541 default [main] INFO  o.s.w.s.m.m.a.RequestMappingHandlerMapping - Mapped "{[/sign_in],methods=[POST]}" onto public com.pjmike.lundao.utils.Result com.pjmike.lundao.web.controller.AccountController.accountLogin(com.pjmike.lundao.domain.vo.Account,javax.servlet.http.HttpServletResponse) throws java.io.UnsupportedEncodingException
11:58:04.541 default [main] INFO  o.s.w.s.m.m.a.RequestMappingHandlerMapping - Mapped "{[/sign_up],methods=[POST]}" onto public com.pjmike.lundao.utils.Result com.pjmike.lundao.web.controller.AccountController.accountRegister(com.pjmike.lundao.domain.vo.Account)
11:58:04.542 default [main] INFO  o.s.w.s.m.m.a.RequestMappingHandlerMapping - Mapped "{[/authCode],methods=[POST]}" onto public com.pjmike.lundao.utils.Result com.pjmike.lundao.web.controller.AccountController.sendAuthCode(com.pjmike.lundao.domain.vo.Account) throws com.aliyuncs.exceptions.ClientException
11:58:04.544 default [main] INFO  o.s.w.s.m.m.a.RequestMappingHandlerMapping - Mapped "{[/unAuthorized],methods=[GET]}" onto public com.pjmike.lundao.utils.Result com.pjmike.lundao.web.controller.AccountController.unauthorized()
11:58:04.544 default [main] INFO  o.s.w.s.m.m.a.RequestMappingHandlerMapping - Mapped "{[/debates/page/{page}],methods=[GET]}" onto public com.pjmike.lundao.utils.Result com.pjmike.lundao.web.controller.DebateController.getAllDebates(java.lang.Integer)
11:58:04.546 default [main] INFO  o.s.w.s.m.m.a.RequestMappingHandlerMapping - Mapped "{[/debates/{debateId}],methods=[GET]}" onto public com.pjmike.lundao.utils.Result com.pjmike.lundao.web.controller.DebateController.getDebateWithThesis(java.lang.Integer)
11:58:04.546 default [main] INFO  o.s.w.s.m.m.a.RequestMappingHandlerMapping - Mapped "{[/favour],methods=[POST]}" onto private com.pjmike.lundao.utils.Result com.pjmike.lundao.web.controller.LikeController.like(com.pjmike.lundao.domain.Favour)
11:58:04.549 default [main] INFO  o.s.w.s.m.m.a.RequestMappingHandlerMapping - Mapped "{[/error]}" onto public org.springframework.http.ResponseEntity<java.util.Map<java.lang.String, java.lang.Object>> org.springframework.boot.autoconfigure.web.servlet.error.BasicErrorController.error(javax.servlet.http.HttpServletRequest)
11:58:04.550 default [main] INFO  o.s.w.s.m.m.a.RequestMappingHandlerMapping - Mapped "{[/error],produces=[text/html]}" onto public org.springframework.web.servlet.ModelAndView org.springframework.boot.autoconfigure.web.servlet.error.BasicErrorController.errorHtml(javax.servlet.http.HttpServletRequest,javax.servlet.http.HttpServletResponse)
11:58:04.653 default [main] INFO  o.s.w.s.h.SimpleUrlHandlerMapping - Mapped URL path [/webjars/**] onto handler of type [class org.springframework.web.servlet.resource.ResourceHttpRequestHandler]
11:58:04.653 default [main] INFO  o.s.w.s.h.SimpleUrlHandlerMapping - Mapped URL path [/**] onto handler of type [class org.springframework.web.servlet.resource.ResourceHttpRequestHandler]
11:58:04.689 default [main] INFO  o.s.w.s.m.m.a.ExceptionHandlerExceptionResolver - Detected @ExceptionHandler methods in ownExceptionHandler
11:58:05.649 default [main] INFO  c.p.l.s.i.LikeCountServiceImplTest - Started LikeCountServiceImplTest in 11.813 seconds (JVM running for 14.918)
11:58:06.175 default [Thread-3] INFO  o.s.w.c.s.GenericWebApplicationContext - Closing org.springframework.web.context.support.GenericWebApplicationContext@3406472c: startup date [Thu May 31 11:57:54 CST 2018]; root of context hierarchy
11:58:06.207 default [Thread-3] INFO  c.alibaba.druid.pool.DruidDataSource - {dataSource-1} closed
14:49:30.989 default [main] INFO  c.p.l.s.impl.CommentServiceImplTest - Starting CommentServiceImplTest on TUIG-20180212UW with PID 15236 (started by pjmike in F:\IDEAproject\springboot-lundao)
14:49:31.019 default [main] INFO  c.p.l.s.impl.CommentServiceImplTest - The following profiles are active: dev
14:49:31.138 default [main] INFO  o.s.w.c.s.GenericWebApplicationContext - Refreshing org.springframework.web.context.support.GenericWebApplicationContext@3406472c: startup date [Thu May 31 14:49:31 CST 2018]; root of context hierarchy
14:49:34.362 default [main] INFO  o.s.d.r.c.RepositoryConfigurationDelegate - Multiple Spring Data modules found, entering strict repository configuration mode!
